<?xml version="1.0" encoding="UTF-8"?>
<robot generator="Robot 3.1.2 (Python 3.6.5 on win32)" generated="20200113 22:26:39.845" rpa="false">
<suite id="s1" name="Itop" source="C:\development\robot-scripts\Itop\tests\itop.robot">
<test id="s1-t1" name="Login OK">
<kw name="Begin web test" library="common">
<kw name="Open Browser" library="SeleniumLibrary">
<doc>Opens a new browser instance to the given ``url``.</doc>
<arguments>
<arg>${LOGINURL}</arg>
<arg>${BROWSER}</arg>
</arguments>
<msg timestamp="20200113 22:26:40.087" level="INFO">Opening browser 'gc' to base url 'http://localhost:8163/iTop-2.6.1-4463/web/pages/UI.php'.</msg>
<status status="PASS" starttime="20200113 22:26:40.086" endtime="20200113 22:26:47.515"></status>
</kw>
<status status="PASS" starttime="20200113 22:26:40.086" endtime="20200113 22:26:47.515"></status>
</kw>
<kw name="Login happy path" library="itop">
<kw name="Input Text" library="SeleniumLibrary">
<doc>Types the given ``text`` into text field identified by ``locator``.</doc>
<arguments>
<arg>id= user</arg>
<arg>admin</arg>
</arguments>
<msg timestamp="20200113 22:26:47.518" level="INFO">Typing text 'admin' into text field 'id= user'.</msg>
<status status="PASS" starttime="20200113 22:26:47.517" endtime="20200113 22:26:47.678"></status>
</kw>
<kw name="Input Password" library="SeleniumLibrary">
<doc>Types the given password into text field identified by ``locator``.</doc>
<arguments>
<arg>id= pwd</arg>
<arg>admin</arg>
</arguments>
<msg timestamp="20200113 22:26:47.679" level="INFO">Typing password into text field 'id= pwd'.</msg>
<status status="PASS" starttime="20200113 22:26:47.678" endtime="20200113 22:26:47.791"></status>
</kw>
<kw name="Click Button" library="SeleniumLibrary">
<doc>Clicks button identified by ``locator``.</doc>
<arguments>
<arg>css=#login &gt; form &gt; table &gt; tbody &gt; tr:nth-child(3) &gt; td &gt; span &gt; input[type=submit]</arg>
</arguments>
<msg timestamp="20200113 22:26:47.792" level="INFO">Clicking button 'css=#login &gt; form &gt; table &gt; tbody &gt; tr:nth-child(3) &gt; td &gt; span &gt; input[type=submit]'.</msg>
<status status="PASS" starttime="20200113 22:26:47.792" endtime="20200113 22:26:50.199"></status>
</kw>
<kw name="Wait Until Page Contains" library="SeleniumLibrary">
<doc>Waits until ``text`` appears on current page.</doc>
<arguments>
<arg>text=Welcome</arg>
</arguments>
<status status="PASS" starttime="20200113 22:26:50.199" endtime="20200113 22:26:50.222"></status>
</kw>
<kw name="Sleep" library="BuiltIn">
<doc>Pauses the test executed for the given time.</doc>
<arguments>
<arg>5s</arg>
</arguments>
<msg timestamp="20200113 22:26:55.223" level="INFO">Slept 5 seconds</msg>
<status status="PASS" starttime="20200113 22:26:50.222" endtime="20200113 22:26:55.223"></status>
</kw>
<status status="PASS" starttime="20200113 22:26:47.517" endtime="20200113 22:26:55.223"></status>
</kw>
<kw name="End web test" library="common">
<kw name="Close Browser" library="SeleniumLibrary">
<doc>Closes the current browser.</doc>
<status status="PASS" starttime="20200113 22:26:55.225" endtime="20200113 22:26:57.773"></status>
</kw>
<status status="PASS" starttime="20200113 22:26:55.224" endtime="20200113 22:26:57.774"></status>
</kw>
<doc>this a test for login happy path</doc>
<tags>
<tag>test suite</tag>
</tags>
<status status="PASS" starttime="20200113 22:26:40.084" endtime="20200113 22:26:57.775" critical="yes"></status>
</test>
<test id="s1-t2" name="Login KO">
<kw name="Begin web test" library="common">
<kw name="Open Browser" library="SeleniumLibrary">
<doc>Opens a new browser instance to the given ``url``.</doc>
<arguments>
<arg>${LOGINURL}</arg>
<arg>${BROWSER}</arg>
</arguments>
<msg timestamp="20200113 22:26:57.786" level="INFO">Opening browser 'gc' to base url 'http://localhost:8163/iTop-2.6.1-4463/web/pages/UI.php'.</msg>
<status status="PASS" starttime="20200113 22:26:57.784" endtime="20200113 22:27:04.194"></status>
</kw>
<status status="PASS" starttime="20200113 22:26:57.783" endtime="20200113 22:27:04.194"></status>
</kw>
<kw name="Login unhappy path" library="itop">
<kw name="Input Text" library="SeleniumLibrary">
<doc>Types the given ``text`` into text field identified by ``locator``.</doc>
<arguments>
<arg>id= user</arg>
<arg>admin</arg>
</arguments>
<msg timestamp="20200113 22:27:04.227" level="INFO">Typing text 'admin' into text field 'id= user'.</msg>
<status status="PASS" starttime="20200113 22:27:04.227" endtime="20200113 22:27:04.344"></status>
</kw>
<kw name="Input Password" library="SeleniumLibrary">
<doc>Types the given password into text field identified by ``locator``.</doc>
<arguments>
<arg>id= pwd</arg>
<arg>admin2</arg>
</arguments>
<msg timestamp="20200113 22:27:04.345" level="INFO">Typing password into text field 'id= pwd'.</msg>
<status status="PASS" starttime="20200113 22:27:04.345" endtime="20200113 22:27:04.452"></status>
</kw>
<kw name="Click Button" library="SeleniumLibrary">
<doc>Clicks button identified by ``locator``.</doc>
<arguments>
<arg>css=#login &gt; form &gt; table &gt; tbody &gt; tr:nth-child(3) &gt; td &gt; span &gt; input[type=submit]</arg>
</arguments>
<msg timestamp="20200113 22:27:04.452" level="INFO">Clicking button 'css=#login &gt; form &gt; table &gt; tbody &gt; tr:nth-child(3) &gt; td &gt; span &gt; input[type=submit]'.</msg>
<status status="PASS" starttime="20200113 22:27:04.452" endtime="20200113 22:27:05.026"></status>
</kw>
<kw name="Wait Until Page Contains" library="SeleniumLibrary">
<doc>Waits until ``text`` appears on current page.</doc>
<arguments>
<arg>text=Incorrect login/password, please try again</arg>
</arguments>
<status status="PASS" starttime="20200113 22:27:05.026" endtime="20200113 22:27:05.048"></status>
</kw>
<kw name="Sleep" library="BuiltIn">
<doc>Pauses the test executed for the given time.</doc>
<arguments>
<arg>15s</arg>
</arguments>
<msg timestamp="20200113 22:27:20.050" level="INFO">Slept 15 seconds</msg>
<status status="PASS" starttime="20200113 22:27:05.048" endtime="20200113 22:27:20.050"></status>
</kw>
<status status="PASS" starttime="20200113 22:27:04.226" endtime="20200113 22:27:20.051"></status>
</kw>
<kw name="End web test" library="common">
<kw name="Close Browser" library="SeleniumLibrary">
<doc>Closes the current browser.</doc>
<status status="PASS" starttime="20200113 22:27:20.053" endtime="20200113 22:27:22.331"></status>
</kw>
<status status="PASS" starttime="20200113 22:27:20.052" endtime="20200113 22:27:22.332"></status>
</kw>
<doc>this a test for login unhappy path</doc>
<tags>
<tag>test suite</tag>
</tags>
<status status="PASS" starttime="20200113 22:26:57.781" endtime="20200113 22:27:22.333" critical="yes"></status>
</test>
<doc>Itop Test Suite</doc>
<status status="PASS" starttime="20200113 22:26:39.847" endtime="20200113 22:27:22.338"></status>
</suite>
<statistics>
<total>
<stat pass="2" fail="0">Critical Tests</stat>
<stat pass="2" fail="0">All Tests</stat>
</total>
<tag>
<stat pass="2" fail="0">test suite</stat>
</tag>
<suite>
<stat pass="2" fail="0" id="s1" name="Itop">Itop</stat>
</suite>
</statistics>
<errors>
</errors>
</robot>
